# JRE version: OpenJDK Runtime Environment Temurin-17.0.6+10 (17.0.6+10) (build 17.0.6+10)
# Java VM: OpenJDK 64-Bit Server VM Temurin-17.0.6+10 (17.0.6+10, mixed mode, tiered, compressed oops, compressed class ptrs, parallel gc, linux-amd64)
GC Precious Log:
 CPUs: 4 total, 4 available
 Memory: 7856M
 Large Page Support: Disabled
 NUMA Support: Disabled
 Compressed Oops: Enabled (32-bit)
 Alignments: Space 512K, Generation 512K, Heap 2M
 Heap Min Capacity: 100M
 Heap Initial Capacity: 100M
 Heap Max Capacity: 1G
 Pre-touch: Disabled
 Parallel Workers: 4
Heap:
 PSYoungGen      total 2560K, used 512K [0x00000000eab00000, 0x00000000eb080000, 0x0000000100000000)
  eden space 2048K, 0% used [0x00000000eab00000,0x00000000eab00000,0x00000000ead00000)
  from space 512K, 100% used [0x00000000eae80000,0x00000000eaf00000,0x00000000eaf00000)
  to   space 1536K, 0% used [0x00000000ead00000,0x00000000ead00000,0x00000000eae80000)
 ParOldGen       total 154112K, used 153720K [0x00000000c0000000, 0x00000000c9680000, 0x00000000eab00000)
  object space 154112K, 99% used [0x00000000c0000000,0x00000000c961e158,0x00000000c9680000)
 Metaspace       used 91110K, committed 92160K, reserved 1138688K
  class space    used 9085K, committed 9536K, reserved 1048576K
GC Heap History (20 events):
Event: 4636,459 GC heap after
{Heap after GC invocations=5443 (full 152):
 PSYoungGen      total 4608K, used 2048K [0x00000000eab00000, 0x00000000eb200000, 0x0000000100000000)
  eden space 2048K, 0% used [0x00000000eab00000,0x00000000eab00000,0x00000000ead00000)
  from space 2560K, 80% used [0x00000000ead00000,0x00000000eaf00000,0x00000000eaf80000)
  to   space 2560K, 0% used [0x00000000eaf80000,0x00000000eaf80000,0x00000000eb200000)
 ParOldGen       total 154112K, used 142607K [0x00000000c0000000, 0x00000000c9680000, 0x00000000eab00000)
  object space 154112K, 92% used [0x00000000c0000000,0x00000000c8b43de8,0x00000000c9680000)
 Metaspace       used 91109K, committed 92160K, reserved 1138688K
  class space    used 9085K, committed 9536K, reserved 1048576K
}
Event: 4636,466 GC heap before
{Heap before GC invocations=5444 (full 152):
 PSYoungGen      total 4608K, used 4096K [0x00000000eab00000, 0x00000000eb200000, 0x0000000100000000)
  eden space 2048K, 100% used [0x00000000eab00000,0x00000000ead00000,0x00000000ead00000)
  from space 2560K, 80% used [0x00000000ead00000,0x00000000eaf00000,0x00000000eaf80000)
  to   space 2560K, 0% used [0x00000000eaf80000,0x00000000eaf80000,0x00000000eb200000)
 ParOldGen       total 154112K, used 142607K [0x00000000c0000000, 0x00000000c9680000, 0x00000000eab00000)
  object space 154112K, 92% used [0x00000000c0000000,0x00000000c8b43de8,0x00000000c9680000)
 Metaspace       used 91109K, committed 92160K, reserved 1138688K
  class space    used 9085K, committed 9536K, reserved 1048576K
}
Event: 4636,472 GC heap after
{Heap after GC invocations=5444 (full 152):
 PSYoungGen      total 4608K, used 2080K [0x00000000eab00000, 0x00000000eb280000, 0x0000000100000000)
  eden space 2048K, 0% used [0x00000000eab00000,0x00000000eab00000,0x00000000ead00000)
  from space 2560K, 81% used [0x00000000eaf80000,0x00000000eb188000,0x00000000eb200000)
  to   space 2560K, 0% used [0x00000000ead00000,0x00000000ead00000,0x00000000eaf80000)
 ParOldGen       total 154112K, used 144639K [0x00000000c0000000, 0x00000000c9680000, 0x00000000eab00000)
  object space 154112K, 93% used [0x00000000c0000000,0x00000000c8d3fde8,0x00000000c9680000)
 Metaspace       used 91109K, committed 92160K, reserved 1138688K
  class space    used 9085K, committed 9536K, reserved 1048576K
}
Event: 4636,487 GC heap before
{Heap before GC invocations=5445 (full 152):
 PSYoungGen      total 4608K, used 4072K [0x00000000eab00000, 0x00000000eb280000, 0x0000000100000000)
  eden space 2048K, 97% used [0x00000000eab00000,0x00000000eacf21b8,0x00000000ead00000)
  from space 2560K, 81% used [0x00000000eaf80000,0x00000000eb188000,0x00000000eb200000)
  to   space 2560K, 0% used [0x00000000ead00000,0x00000000ead00000,0x00000000eaf80000)
 ParOldGen       total 154112K, used 144639K [0x00000000c0000000, 0x00000000c9680000, 0x00000000eab00000)
  object space 154112K, 93% used [0x00000000c0000000,0x00000000c8d3fde8,0x00000000c9680000)
 Metaspace       used 91109K, committed 92160K, reserved 1138688K
  class space    used 9085K, committed 9536K, reserved 1048576K
}
Event: 4636,491 GC heap after
{Heap after GC invocations=5445 (full 152):
 PSYoungGen      total 4608K, used 1528K [0x00000000eab00000, 0x00000000eb180000, 0x0000000100000000)
  eden space 2048K, 0% used [0x00000000eab00000,0x00000000eab00000,0x00000000ead00000)
  from space 2560K, 59% used [0x00000000ead00000,0x00000000eae7e000,0x00000000eaf80000)
  to   space 2048K, 0% used [0x00000000eaf80000,0x00000000eaf80000,0x00000000eb180000)
 ParOldGen       total 154112K, used 146679K [0x00000000c0000000, 0x00000000c9680000, 0x00000000eab00000)
  object space 154112K, 95% used [0x00000000c0000000,0x00000000c8f3dde8,0x00000000c9680000)
 Metaspace       used 91109K, committed 92160K, reserved 1138688K
  class space    used 9085K, committed 9536K, reserved 1048576K
}
Event: 4636,514 GC heap before
{Heap before GC invocations=5446 (full 152):
 PSYoungGen      total 4608K, used 3576K [0x00000000eab00000, 0x00000000eb180000, 0x0000000100000000)
  eden space 2048K, 100% used [0x00000000eab00000,0x00000000ead00000,0x00000000ead00000)
  from space 2560K, 59% used [0x00000000ead00000,0x00000000eae7e000,0x00000000eaf80000)
  to   space 2048K, 0% used [0x00000000eaf80000,0x00000000eaf80000,0x00000000eb180000)
 ParOldGen       total 154112K, used 146679K [0x00000000c0000000, 0x00000000c9680000, 0x00000000eab00000)
  object space 154112K, 95% used [0x00000000c0000000,0x00000000c8f3dde8,0x00000000c9680000)
 Metaspace       used 91109K, committed 92160K, reserved 1138688K
  class space    used 9085K, committed 9536K, reserved 1048576K
}
Event: 4636,517 GC heap after
{Heap after GC invocations=5446 (full 152):
 PSYoungGen      total 3072K, used 2042K [0x00000000eab00000, 0x00000000eb480000, 0x0000000100000000)
  eden space 1024K, 0% used [0x00000000eab00000,0x00000000eab00000,0x00000000eac00000)
  from space 2048K, 99% used [0x00000000eaf80000,0x00000000eb17e910,0x00000000eb180000)
  to   space 3584K, 0% used [0x00000000eac00000,0x00000000eac00000,0x00000000eaf80000)
 ParOldGen       total 154112K, used 147655K [0x00000000c0000000, 0x00000000c9680000, 0x00000000eab00000)
  object space 154112K, 95% used [0x00000000c0000000,0x00000000c9031de8,0x00000000c9680000)
 Metaspace       used 91109K, committed 92160K, reserved 1138688K
  class space    used 9085K, committed 9536K, reserved 1048576K
}
Event: 4636,519 GC heap before
{Heap before GC invocations=5447 (full 152):
 PSYoungGen      total 3072K, used 3066K [0x00000000eab00000, 0x00000000eb480000, 0x0000000100000000)
  eden space 1024K, 100% used [0x00000000eab00000,0x00000000eac00000,0x00000000eac00000)
  from space 2048K, 99% used [0x00000000eaf80000,0x00000000eb17e910,0x00000000eb180000)
  to   space 3584K, 0% used [0x00000000eac00000,0x00000000eac00000,0x00000000eaf80000)
 ParOldGen       total 154112K, used 147655K [0x00000000c0000000, 0x00000000c9680000, 0x00000000eab00000)
  object space 154112K, 95% used [0x00000000c0000000,0x00000000c9031de8,0x00000000c9680000)
 Metaspace       used 91109K, committed 92160K, reserved 1138688K
  class space    used 9085K, committed 9536K, reserved 1048576K
}
Event: 4636,521 GC heap after
{Heap after GC invocations=5447 (full 152):
 PSYoungGen      total 2048K, used 1024K [0x00000000eab00000, 0x00000000eb080000, 0x0000000100000000)
  eden space 1024K, 0% used [0x00000000eab00000,0x00000000eab00000,0x00000000eac00000)
  from space 1024K, 100% used [0x00000000eac00000,0x00000000ead00000,0x00000000ead00000)
  to   space 2048K, 0% used [0x00000000eae80000,0x00000000eae80000,0x00000000eb080000)
 ParOldGen       total 154112K, used 149697K [0x00000000c0000000, 0x00000000c9680000, 0x00000000eab00000)
  object space 154112K, 97% used [0x00000000c0000000,0x00000000c92306f8,0x00000000c9680000)
 Metaspace       used 91109K, committed 92160K, reserved 1138688K
  class space    used 9085K, committed 9536K, reserved 1048576K
}
Event: 4636,524 GC heap before
{Heap before GC invocations=5448 (full 152):
 PSYoungGen      total 2048K, used 2048K [0x00000000eab00000, 0x00000000eb080000, 0x0000000100000000)
  eden space 1024K, 100% used [0x00000000eab00000,0x00000000eac00000,0x00000000eac00000)
  from space 1024K, 100% used [0x00000000eac00000,0x00000000ead00000,0x00000000ead00000)
  to   space 2048K, 0% used [0x00000000eae80000,0x00000000eae80000,0x00000000eb080000)
 ParOldGen       total 154112K, used 149697K [0x00000000c0000000, 0x00000000c9680000, 0x00000000eab00000)
  object space 154112K, 97% used [0x00000000c0000000,0x00000000c92306f8,0x00000000c9680000)
 Metaspace       used 91109K, committed 92160K, reserved 1138688K
  class space    used 9085K, committed 9536K, reserved 1048576K
}
Event: 4636,526 GC heap after
{Heap after GC invocations=5448 (full 152):
 PSYoungGen      total 3072K, used 1056K [0x00000000eab00000, 0x00000000eb000000, 0x0000000100000000)
  eden space 1536K, 0% used [0x00000000eab00000,0x00000000eab00000,0x00000000eac80000)
  from space 1536K, 68% used [0x00000000eae80000,0x00000000eaf88000,0x00000000eb000000)
  to   space 1536K, 0% used [0x00000000ead00000,0x00000000ead00000,0x00000000eae80000)
 ParOldGen       total 154112K, used 150713K [0x00000000c0000000, 0x00000000c9680000, 0x00000000eab00000)
  object space 154112K, 97% used [0x00000000c0000000,0x00000000c932e6f8,0x00000000c9680000)
 Metaspace       used 91109K, committed 92160K, reserved 1138688K
  class space    used 9085K, committed 9536K, reserved 1048576K
}
Event: 4636,533 GC heap before
{Heap before GC invocations=5449 (full 152):
 PSYoungGen      total 3072K, used 2413K [0x00000000eab00000, 0x00000000eb000000, 0x0000000100000000)
  eden space 1536K, 88% used [0x00000000eab00000,0x00000000eac53428,0x00000000eac80000)
  from space 1536K, 68% used [0x00000000eae80000,0x00000000eaf88000,0x00000000eb000000)
  to   space 1536K, 0% used [0x00000000ead00000,0x00000000ead00000,0x00000000eae80000)
 ParOldGen       total 154112K, used 150713K [0x00000000c0000000, 0x00000000c9680000, 0x00000000eab00000)
  object space 154112K, 97% used [0x00000000c0000000,0x00000000c932e6f8,0x00000000c9680000)
 Metaspace       used 91109K, committed 92160K, reserved 1138688K
  class space    used 9085K, committed 9536K, reserved 1048576K
}
Event: 4636,535 GC heap after
{Heap after GC invocations=5449 (full 152):
 PSYoungGen      total 3584K, used 1184K [0x00000000eab00000, 0x00000000eb000000, 0x0000000100000000)
  eden space 2048K, 0% used [0x00000000eab00000,0x00000000eab00000,0x00000000ead00000)
  from space 1536K, 77% used [0x00000000ead00000,0x00000000eae28000,0x00000000eae80000)
  to   space 1536K, 0% used [0x00000000eae80000,0x00000000eae80000,0x00000000eb000000)
 ParOldGen       total 154112K, used 151729K [0x00000000c0000000, 0x00000000c9680000, 0x00000000eab00000)
  object space 154112K, 98% used [0x00000000c0000000,0x00000000c942c6f8,0x00000000c9680000)
 Metaspace       used 91109K, committed 92160K, reserved 1138688K
  class space    used 9085K, committed 9536K, reserved 1048576K
}
Event: 4636,735 GC heap before
{Heap before GC invocations=5450 (full 152):
 PSYoungGen      total 3584K, used 3232K [0x00000000eab00000, 0x00000000eb000000, 0x0000000100000000)
  eden space 2048K, 100% used [0x00000000eab00000,0x00000000ead00000,0x00000000ead00000)
  from space 1536K, 77% used [0x00000000ead00000,0x00000000eae28000,0x00000000eae80000)
  to   space 1536K, 0% used [0x00000000eae80000,0x00000000eae80000,0x00000000eb000000)
 ParOldGen       total 154112K, used 151729K [0x00000000c0000000, 0x00000000c9680000, 0x00000000eab00000)
  object space 154112K, 98% used [0x00000000c0000000,0x00000000c942c6f8,0x00000000c9680000)
 Metaspace       used 91110K, committed 92160K, reserved 1138688K
  class space    used 9085K, committed 9536K, reserved 1048576K
}
Event: 4636,737 GC heap after
{Heap after GC invocations=5450 (full 152):
 PSYoungGen      total 3584K, used 736K [0x00000000eab00000, 0x00000000eaf80000, 0x0000000100000000)
  eden space 2560K, 0% used [0x00000000eab00000,0x00000000eab00000,0x00000000ead80000)
  from space 1024K, 71% used [0x00000000eae80000,0x00000000eaf38000,0x00000000eaf80000)
  to   space 1024K, 0% used [0x00000000ead80000,0x00000000ead80000,0x00000000eae80000)
 ParOldGen       total 154112K, used 152641K [0x00000000c0000000, 0x00000000c9680000, 0x00000000eab00000)
  object space 154112K, 99% used [0x00000000c0000000,0x00000000c95106f8,0x00000000c9680000)
 Metaspace       used 91110K, committed 92160K, reserved 1138688K
  class space    used 9085K, committed 9536K, reserved 1048576K
}
Event: 4636,921 GC heap before
{Heap before GC invocations=5451 (full 152):
 PSYoungGen      total 3584K, used 3296K [0x00000000eab00000, 0x00000000eaf80000, 0x0000000100000000)
  eden space 2560K, 100% used [0x00000000eab00000,0x00000000ead80000,0x00000000ead80000)
  from space 1024K, 71% used [0x00000000eae80000,0x00000000eaf38000,0x00000000eaf80000)
  to   space 1024K, 0% used [0x00000000ead80000,0x00000000ead80000,0x00000000eae80000)
 ParOldGen       total 154112K, used 152641K [0x00000000c0000000, 0x00000000c9680000, 0x00000000eab00000)
  object space 154112K, 99% used [0x00000000c0000000,0x00000000c95106f8,0x00000000c9680000)
 Metaspace       used 91110K, committed 92160K, reserved 1138688K
  class space    used 9085K, committed 9536K, reserved 1048576K
}
Event: 4636,923 GC heap after
{Heap after GC invocations=5451 (full 152):
 PSYoungGen      total 3584K, used 192K [0x00000000eab00000, 0x00000000eaf00000, 0x0000000100000000)
  eden space 2560K, 0% used [0x00000000eab00000,0x00000000eab00000,0x00000000ead80000)
  from space 1024K, 18% used [0x00000000ead80000,0x00000000eadb0000,0x00000000eae80000)
  to   space 512K, 0% used [0x00000000eae80000,0x00000000eae80000,0x00000000eaf00000)
 ParOldGen       total 154112K, used 153305K [0x00000000c0000000, 0x00000000c9680000, 0x00000000eab00000)
  object space 154112K, 99% used [0x00000000c0000000,0x00000000c95b66f8,0x00000000c9680000)
 Metaspace       used 91110K, committed 92160K, reserved 1138688K
  class space    used 9085K, committed 9536K, reserved 1048576K
}
Event: 4637,159 GC heap before
{Heap before GC invocations=5452 (full 152):
 PSYoungGen      total 3584K, used 2752K [0x00000000eab00000, 0x00000000eaf00000, 0x0000000100000000)
  eden space 2560K, 100% used [0x00000000eab00000,0x00000000ead80000,0x00000000ead80000)
  from space 1024K, 18% used [0x00000000ead80000,0x00000000eadb0000,0x00000000eae80000)
  to   space 512K, 0% used [0x00000000eae80000,0x00000000eae80000,0x00000000eaf00000)
 ParOldGen       total 154112K, used 153305K [0x00000000c0000000, 0x00000000c9680000, 0x00000000eab00000)
  object space 154112K, 99% used [0x00000000c0000000,0x00000000c95b66f8,0x00000000c9680000)
 Metaspace       used 91110K, committed 92160K, reserved 1138688K
  class space    used 9085K, committed 9536K, reserved 1048576K
}
Event: 4637,162 GC heap after
{Heap after GC invocations=5452 (full 152):
 PSYoungGen      total 2560K, used 512K [0x00000000eab00000, 0x00000000eb080000, 0x0000000100000000)
  eden space 2048K, 0% used [0x00000000eab00000,0x00000000eab00000,0x00000000ead00000)
  from space 512K, 100% used [0x00000000eae80000,0x00000000eaf00000,0x00000000eaf00000)
  to   space 1536K, 0% used [0x00000000ead00000,0x00000000ead00000,0x00000000eae80000)
 ParOldGen       total 154112K, used 153720K [0x00000000c0000000, 0x00000000c9680000, 0x00000000eab00000)
  object space 154112K, 99% used [0x00000000c0000000,0x00000000c961e158,0x00000000c9680000)
 Metaspace       used 91110K, committed 92160K, reserved 1138688K
  class space    used 9085K, committed 9536K, reserved 1048576K
}
Event: 4637,162 GC heap before
{Heap before GC invocations=5453 (full 153):
 PSYoungGen      total 2560K, used 512K [0x00000000eab00000, 0x00000000eb080000, 0x0000000100000000)
  eden space 2048K, 0% used [0x00000000eab00000,0x00000000eab00000,0x00000000ead00000)
  from space 512K, 100% used [0x00000000eae80000,0x00000000eaf00000,0x00000000eaf00000)
  to   space 1536K, 0% used [0x00000000ead00000,0x00000000ead00000,0x00000000eae80000)
 ParOldGen       total 154112K, used 153720K [0x00000000c0000000, 0x00000000c9680000, 0x00000000eab00000)
  object space 154112K, 99% used [0x00000000c0000000,0x00000000c961e158,0x00000000c9680000)
 Metaspace       used 91110K, committed 92160K, reserved 1138688K
  class space    used 9085K, committed 9536K, reserved 1048576K
}

